Analyzing 16 clips in /wintmp/analog_video/noref_compare (576x436)...

[ 1/16] ag1980tbc0... done (594 frames)
[ 2/16] ag1980tbc1_sharpMAX_b2... done (594 frames)
[ 3/16] ag1980tbc1_sharpMIN_b2... done (594 frames)
[ 4/16] ag1980tbc1... done (594 frames)
[ 5/16] ds555tbc0_dnrOff... done (594 frames)
[ 6/16] ds555tbc1_dnrOff... done (594 frames)
[ 7/16] ds555tbc1_dnrOn... done (594 frames)
[ 8/16] jvctb0_pcEdit_r3Off_dv... done (594 frames)
[ 9/16] jvctb0_pcEdit_r3Off_leitchtbc0_3dY... done (592 frames)
[10/16] jvctb0_pcEdit_r3Off_leitchtbc1_3dY... done (594 frames)
[11/16] jvctb0_pcEdit_r3Off_snellhd... done (594 frames)
[12/16] jvctbc0_pcEdit_r3Off_b2... done (594 frames)
[13/16] jvctbc1_pcAuto_r3On_b2... done (594 frames)
[14/16] jvctbc1_pcEdit_r3Off_b2... done (594 frames)
[15/16] mitsutbc0... done (594 frames)
[16/16] mitsutbc1... done (594 frames)

JSON:  review2/baselines/baseline_noref.json

Extracting metric comparison frames...
  Sharpness: frame 115 (p90 in ds555tbc1_dnrOff)
  Edge Strength: frame 119 (p90 in ag1980tbc1_sharpMAX_b2)
  Blocking: frame 552 (p90 in ag1980tbc0)
  Detail: frame 479 (p90 in jvctb0_pcEdit_r3Off_dv)
  Texture Q: frame 302 (p90 in ag1980tbc1_sharpMIN_b2)
  Ringing: frame 166 (p90 in jvctb0_pcEdit_r3Off_snellhd)
  Temporal: frame 202 (p90 in jvctb0_pcEdit_r3Off_snellhd)
  Colorfulness: frame 210 (p90 in jvctb0_pcEdit_r3Off_leitchtbc0_3dY)
  Naturalness: frame 590 (p90 in ag1980tbc1)
  Crushed Blacks: frame 419 (p90 in jvctb0_pcEdit_r3Off_snellhd)
  Blown Whites: frame 0 (p90 in ag1980tbc0)
HTML:  review2/baselines/baseline_noref.html
